CRITICAL - 2021-03-10 10:43:02 --> Invalid file: HeaderSite.php
#0 C:\wamp64\www\contact\system\View\View.php(203): CodeIgniter\Exceptions\FrameworkException::forInvalidFile('HeaderSite.php')
#1 C:\wamp64\www\contact\system\Common.php(1217): CodeIgniter\View\View->render('HeaderSite', Array, true)
#2 C:\wamp64\www\contact\app\Controllers\Home.php(9): view('HeaderSite')
#3 C:\wamp64\www\contact\system\CodeIgniter.php(936): App\Controllers\Home->index()
#4 C:\wamp64\www\contact\system\CodeIgniter.php(432): CodeIgniter\CodeIgniter->runController(Object(App\Controllers\Home))
#5 C:\wamp64\www\contact\system\CodeIgniter.php(333): CodeIgniter\CodeIgniter->handleRequest(NULL, Object(Config\Cache), false)
#6 C:\wamp64\www\contact\public\index.php(44): CodeIgniter\CodeIgniter->run()
#7 {main}
CRITICAL - 2021-03-10 10:43:04 --> Invalid file: HeaderSite.php
#0 C:\wamp64\www\contact\system\View\View.php(203): CodeIgniter\Exceptions\FrameworkException::forInvalidFile('HeaderSite.php')
#1 C:\wamp64\www\contact\system\Common.php(1217): CodeIgniter\View\View->render('HeaderSite', Array, true)
#2 C:\wamp64\www\contact\app\Controllers\Home.php(9): view('HeaderSite')
#3 C:\wamp64\www\contact\system\CodeIgniter.php(936): App\Controllers\Home->index()
#4 C:\wamp64\www\contact\system\CodeIgniter.php(432): CodeIgniter\CodeIgniter->runController(Object(App\Controllers\Home))
#5 C:\wamp64\www\contact\system\CodeIgniter.php(333): CodeIgniter\CodeIgniter->handleRequest(NULL, Object(Config\Cache), false)
#6 C:\wamp64\www\contact\public\index.php(44): CodeIgniter\CodeIgniter->run()
#7 {main}
CRITICAL - 2021-03-10 10:43:05 --> Invalid file: HeaderSite.php
#0 C:\wamp64\www\contact\system\View\View.php(203): CodeIgniter\Exceptions\FrameworkException::forInvalidFile('HeaderSite.php')
#1 C:\wamp64\www\contact\system\Common.php(1217): CodeIgniter\View\View->render('HeaderSite', Array, true)
#2 C:\wamp64\www\contact\app\Controllers\Home.php(9): view('HeaderSite')
#3 C:\wamp64\www\contact\system\CodeIgniter.php(936): App\Controllers\Home->index()
#4 C:\wamp64\www\contact\system\CodeIgniter.php(432): CodeIgniter\CodeIgniter->runController(Object(App\Controllers\Home))
#5 C:\wamp64\www\contact\system\CodeIgniter.php(333): CodeIgniter\CodeIgniter->handleRequest(NULL, Object(Config\Cache), false)
#6 C:\wamp64\www\contact\public\index.php(44): CodeIgniter\CodeIgniter->run()
#7 {main}
CRITICAL - 2021-03-10 19:28:52 --> syntax error, unexpected '">' (T_CONSTANT_ENCAPSED_STRING), expecting ',' or ';'
#0 C:\wamp64\www\contact\system\View\View.php(222): CodeIgniter\View\View->CodeIgniter\View\{closure}()
#1 C:\wamp64\www\contact\system\Common.php(1217): CodeIgniter\View\View->render('common/HeaderSi...', Array, true)
#2 C:\wamp64\www\contact\app\Controllers\Home.php(9): view('common/HeaderSi...')
#3 C:\wamp64\www\contact\system\CodeIgniter.php(936): App\Controllers\Home->index()
#4 C:\wamp64\www\contact\system\CodeIgniter.php(432): CodeIgniter\CodeIgniter->runController(Object(App\Controllers\Home))
#5 C:\wamp64\www\contact\system\CodeIgniter.php(333): CodeIgniter\CodeIgniter->handleRequest(NULL, Object(Config\Cache), false)
#6 C:\wamp64\www\contact\public\index.php(44): CodeIgniter\CodeIgniter->run()
#7 {main}
CRITICAL - 2021-03-10 19:28:55 --> syntax error, unexpected '">' (T_CONSTANT_ENCAPSED_STRING), expecting ',' or ';'
#0 C:\wamp64\www\contact\system\View\View.php(222): CodeIgniter\View\View->CodeIgniter\View\{closure}()
#1 C:\wamp64\www\contact\system\Common.php(1217): CodeIgniter\View\View->render('common/HeaderSi...', Array, true)
#2 C:\wamp64\www\contact\app\Controllers\Home.php(9): view('common/HeaderSi...')
#3 C:\wamp64\www\contact\system\CodeIgniter.php(936): App\Controllers\Home->index()
#4 C:\wamp64\www\contact\system\CodeIgniter.php(432): CodeIgniter\CodeIgniter->runController(Object(App\Controllers\Home))
#5 C:\wamp64\www\contact\system\CodeIgniter.php(333): CodeIgniter\CodeIgniter->handleRequest(NULL, Object(Config\Cache), false)
#6 C:\wamp64\www\contact\public\index.php(44): CodeIgniter\CodeIgniter->run()
#7 {main}
CRITICAL - 2021-03-10 19:28:56 --> syntax error, unexpected '">' (T_CONSTANT_ENCAPSED_STRING), expecting ',' or ';'
#0 C:\wamp64\www\contact\system\View\View.php(222): CodeIgniter\View\View->CodeIgniter\View\{closure}()
#1 C:\wamp64\www\contact\system\Common.php(1217): CodeIgniter\View\View->render('common/HeaderSi...', Array, true)
#2 C:\wamp64\www\contact\app\Controllers\Home.php(9): view('common/HeaderSi...')
#3 C:\wamp64\www\contact\system\CodeIgniter.php(936): App\Controllers\Home->index()
#4 C:\wamp64\www\contact\system\CodeIgniter.php(432): CodeIgniter\CodeIgniter->runController(Object(App\Controllers\Home))
#5 C:\wamp64\www\contact\system\CodeIgniter.php(333): CodeIgniter\CodeIgniter->handleRequest(NULL, Object(Config\Cache), false)
#6 C:\wamp64\www\contact\public\index.php(44): CodeIgniter\CodeIgniter->run()
#7 {main}
CRITICAL - 2021-03-10 19:29:32 --> syntax error, unexpected '">' (T_CONSTANT_ENCAPSED_STRING), expecting ',' or ';'
#0 C:\wamp64\www\contact\system\View\View.php(222): CodeIgniter\View\View->CodeIgniter\View\{closure}()
#1 C:\wamp64\www\contact\system\Common.php(1217): CodeIgniter\View\View->render('common/HeaderSi...', Array, true)
#2 C:\wamp64\www\contact\app\Controllers\Home.php(9): view('common/HeaderSi...')
#3 C:\wamp64\www\contact\system\CodeIgniter.php(936): App\Controllers\Home->index()
#4 C:\wamp64\www\contact\system\CodeIgniter.php(432): CodeIgniter\CodeIgniter->runController(Object(App\Controllers\Home))
#5 C:\wamp64\www\contact\system\CodeIgniter.php(333): CodeIgniter\CodeIgniter->handleRequest(NULL, Object(Config\Cache), false)
#6 C:\wamp64\www\contact\public\index.php(44): CodeIgniter\CodeIgniter->run()
#7 {main}
CRITICAL - 2021-03-10 19:29:34 --> syntax error, unexpected '">' (T_CONSTANT_ENCAPSED_STRING), expecting ',' or ';'
#0 C:\wamp64\www\contact\system\View\View.php(222): CodeIgniter\View\View->CodeIgniter\View\{closure}()
#1 C:\wamp64\www\contact\system\Common.php(1217): CodeIgniter\View\View->render('common/HeaderSi...', Array, true)
#2 C:\wamp64\www\contact\app\Controllers\Home.php(9): view('common/HeaderSi...')
#3 C:\wamp64\www\contact\system\CodeIgniter.php(936): App\Controllers\Home->index()
#4 C:\wamp64\www\contact\system\CodeIgniter.php(432): CodeIgniter\CodeIgniter->runController(Object(App\Controllers\Home))
#5 C:\wamp64\www\contact\system\CodeIgniter.php(333): CodeIgniter\CodeIgniter->handleRequest(NULL, Object(Config\Cache), false)
#6 C:\wamp64\www\contact\public\index.php(44): CodeIgniter\CodeIgniter->run()
#7 {main}
CRITICAL - 2021-03-10 19:29:34 --> syntax error, unexpected '">' (T_CONSTANT_ENCAPSED_STRING), expecting ',' or ';'
#0 C:\wamp64\www\contact\system\View\View.php(222): CodeIgniter\View\View->CodeIgniter\View\{closure}()
#1 C:\wamp64\www\contact\system\Common.php(1217): CodeIgniter\View\View->render('common/HeaderSi...', Array, true)
#2 C:\wamp64\www\contact\app\Controllers\Home.php(9): view('common/HeaderSi...')
#3 C:\wamp64\www\contact\system\CodeIgniter.php(936): App\Controllers\Home->index()
#4 C:\wamp64\www\contact\system\CodeIgniter.php(432): CodeIgniter\CodeIgniter->runController(Object(App\Controllers\Home))
#5 C:\wamp64\www\contact\system\CodeIgniter.php(333): CodeIgniter\CodeIgniter->handleRequest(NULL, Object(Config\Cache), false)
#6 C:\wamp64\www\contact\public\index.php(44): CodeIgniter\CodeIgniter->run()
#7 {main}
CRITICAL - 2021-03-10 19:29:35 --> syntax error, unexpected '">' (T_CONSTANT_ENCAPSED_STRING), expecting ',' or ';'
#0 C:\wamp64\www\contact\system\View\View.php(222): CodeIgniter\View\View->CodeIgniter\View\{closure}()
#1 C:\wamp64\www\contact\system\Common.php(1217): CodeIgniter\View\View->render('common/HeaderSi...', Array, true)
#2 C:\wamp64\www\contact\app\Controllers\Home.php(9): view('common/HeaderSi...')
#3 C:\wamp64\www\contact\system\CodeIgniter.php(936): App\Controllers\Home->index()
#4 C:\wamp64\www\contact\system\CodeIgniter.php(432): CodeIgniter\CodeIgniter->runController(Object(App\Controllers\Home))
#5 C:\wamp64\www\contact\system\CodeIgniter.php(333): CodeIgniter\CodeIgniter->handleRequest(NULL, Object(Config\Cache), false)
#6 C:\wamp64\www\contact\public\index.php(44): CodeIgniter\CodeIgniter->run()
#7 {main}
CRITICAL - 2021-03-10 19:29:35 --> syntax error, unexpected '">' (T_CONSTANT_ENCAPSED_STRING), expecting ',' or ';'
#0 C:\wamp64\www\contact\system\View\View.php(222): CodeIgniter\View\View->CodeIgniter\View\{closure}()
#1 C:\wamp64\www\contact\system\Common.php(1217): CodeIgniter\View\View->render('common/HeaderSi...', Array, true)
#2 C:\wamp64\www\contact\app\Controllers\Home.php(9): view('common/HeaderSi...')
#3 C:\wamp64\www\contact\system\CodeIgniter.php(936): App\Controllers\Home->index()
#4 C:\wamp64\www\contact\system\CodeIgniter.php(432): CodeIgniter\CodeIgniter->runController(Object(App\Controllers\Home))
#5 C:\wamp64\www\contact\system\CodeIgniter.php(333): CodeIgniter\CodeIgniter->handleRequest(NULL, Object(Config\Cache), false)
#6 C:\wamp64\www\contact\public\index.php(44): CodeIgniter\CodeIgniter->run()
#7 {main}
CRITICAL - 2021-03-10 19:29:38 --> syntax error, unexpected '">' (T_CONSTANT_ENCAPSED_STRING), expecting ',' or ';'
#0 C:\wamp64\www\contact\system\View\View.php(222): CodeIgniter\View\View->CodeIgniter\View\{closure}()
#1 C:\wamp64\www\contact\system\Common.php(1217): CodeIgniter\View\View->render('common/HeaderSi...', Array, true)
#2 C:\wamp64\www\contact\app\Controllers\Home.php(9): view('common/HeaderSi...')
#3 C:\wamp64\www\contact\system\CodeIgniter.php(936): App\Controllers\Home->index()
#4 C:\wamp64\www\contact\system\CodeIgniter.php(432): CodeIgniter\CodeIgniter->runController(Object(App\Controllers\Home))
#5 C:\wamp64\www\contact\system\CodeIgniter.php(333): CodeIgniter\CodeIgniter->handleRequest(NULL, Object(Config\Cache), false)
#6 C:\wamp64\www\contact\public\index.php(44): CodeIgniter\CodeIgniter->run()
#7 {main}
