ERROR - 2021-03-11 07:34:17 --> mysqli_sql_exception: Champ 'lastName' inconnu dans order clause in C:\wamp64\www\contact\system\Database\MySQLi\Connection.php:314
Stack trace:
#0 C:\wamp64\www\contact\system\Database\MySQLi\Connection.php(314): mysqli->query('SELECT *\nFROM `...')
#1 C:\wamp64\www\contact\system\Database\BaseConnection.php(713): CodeIgniter\Database\MySQLi\Connection->execute('SELECT *\nFROM `...')
#2 C:\wamp64\www\contact\system\Database\BaseConnection.php(641): CodeIgniter\Database\BaseConnection->simpleQuery('SELECT *\nFROM `...')
#3 C:\wamp64\www\contact\system\Database\BaseBuilder.php(1866): CodeIgniter\Database\BaseConnection->query('SELECT *\nFROM `...', Array, false)
#4 C:\wamp64\www\contact\system\Model.php(213): CodeIgniter\Database\BaseBuilder->get()
#5 C:\wamp64\www\contact\system\BaseModel.php(583): CodeIgniter\Model->doFindAll(6, 0)
#6 C:\wamp64\www\contact\system\BaseModel.php(1144): CodeIgniter\BaseModel->findAll(6, 0)
#7 C:\wamp64\www\contact\app\Controllers\Api.php(15): CodeIgniter\BaseModel->paginate(6)
#8 C:\wamp64\www\contact\system\CodeIgniter.php(936): App\Controllers\Api->index()
#9 C:\wamp64\www\contact\system\CodeIgniter.php(432): CodeIgniter\CodeIgniter->runController(Object(App\Controllers\Api))
#10 C:\wamp64\www\contact\system\CodeIgniter.php(333): CodeIgniter\CodeIgniter->handleRequest(NULL, Object(Config\Cache), false)
#11 C:\wamp64\www\contact\public\index.php(44): CodeIgniter\CodeIgniter->run()
#12 {main}
CRITICAL - 2021-03-11 07:34:17 --> Champ 'lastName' inconnu dans order clause
#0 C:\wamp64\www\contact\system\Database\MySQLi\Connection.php(314): mysqli->query('SELECT *\nFROM `...')
#1 C:\wamp64\www\contact\system\Database\BaseConnection.php(713): CodeIgniter\Database\MySQLi\Connection->execute('SELECT *\nFROM `...')
#2 C:\wamp64\www\contact\system\Database\BaseConnection.php(641): CodeIgniter\Database\BaseConnection->simpleQuery('SELECT *\nFROM `...')
#3 C:\wamp64\www\contact\system\Database\BaseBuilder.php(1866): CodeIgniter\Database\BaseConnection->query('SELECT *\nFROM `...', Array, false)
#4 C:\wamp64\www\contact\system\Model.php(213): CodeIgniter\Database\BaseBuilder->get()
#5 C:\wamp64\www\contact\system\BaseModel.php(583): CodeIgniter\Model->doFindAll(6, 0)
#6 C:\wamp64\www\contact\system\BaseModel.php(1144): CodeIgniter\BaseModel->findAll(6, 0)
#7 C:\wamp64\www\contact\app\Controllers\Api.php(15): CodeIgniter\BaseModel->paginate(6)
#8 C:\wamp64\www\contact\system\CodeIgniter.php(936): App\Controllers\Api->index()
#9 C:\wamp64\www\contact\system\CodeIgniter.php(432): CodeIgniter\CodeIgniter->runController(Object(App\Controllers\Api))
#10 C:\wamp64\www\contact\system\CodeIgniter.php(333): CodeIgniter\CodeIgniter->handleRequest(NULL, Object(Config\Cache), false)
#11 C:\wamp64\www\contact\public\index.php(44): CodeIgniter\CodeIgniter->run()
#12 {main}
CRITICAL - 2021-03-11 07:43:12 --> Undefined property: App\Controllers\Api::$contctsModel
#0 C:\wamp64\www\contact\app\Controllers\Api.php(15): CodeIgniter\Debug\Exceptions->errorHandler(8, 'Undefined prope...', 'C:\\wamp64\\www\\c...', 15, Array)
#1 C:\wamp64\www\contact\system\CodeIgniter.php(936): App\Controllers\Api->index()
#2 C:\wamp64\www\contact\system\CodeIgniter.php(432): CodeIgniter\CodeIgniter->runController(Object(App\Controllers\Api))
#3 C:\wamp64\www\contact\system\CodeIgniter.php(333): CodeIgniter\CodeIgniter->handleRequest(NULL, Object(Config\Cache), false)
#4 C:\wamp64\www\contact\public\index.php(44): CodeIgniter\CodeIgniter->run()
#5 {main}
CRITICAL - 2021-03-11 07:45:54 --> Call to undefined function App\Controllers\vardump()
#0 C:\wamp64\www\contact\system\CodeIgniter.php(936): App\Controllers\Api->index()
#1 C:\wamp64\www\contact\system\CodeIgniter.php(432): CodeIgniter\CodeIgniter->runController(Object(App\Controllers\Api))
#2 C:\wamp64\www\contact\system\CodeIgniter.php(333): CodeIgniter\CodeIgniter->handleRequest(NULL, Object(Config\Cache), false)
#3 C:\wamp64\www\contact\public\index.php(44): CodeIgniter\CodeIgniter->run()
#4 {main}
CRITICAL - 2021-03-11 07:47:43 --> Undefined property: App\Controllers\Api::$contctsModel
#0 C:\wamp64\www\contact\app\Controllers\Api.php(15): CodeIgniter\Debug\Exceptions->errorHandler(8, 'Undefined prope...', 'C:\\wamp64\\www\\c...', 15, Array)
#1 C:\wamp64\www\contact\system\CodeIgniter.php(936): App\Controllers\Api->index()
#2 C:\wamp64\www\contact\system\CodeIgniter.php(432): CodeIgniter\CodeIgniter->runController(Object(App\Controllers\Api))
#3 C:\wamp64\www\contact\system\CodeIgniter.php(333): CodeIgniter\CodeIgniter->handleRequest(NULL, Object(Config\Cache), false)
#4 C:\wamp64\www\contact\public\index.php(44): CodeIgniter\CodeIgniter->run()
#5 {main}
CRITICAL - 2021-03-11 07:57:13 --> Undefined variable: contat
#0 C:\wamp64\www\contact\app\Controllers\Api.php(12): CodeIgniter\Debug\Exceptions->errorHandler(8, 'Undefined varia...', 'C:\\wamp64\\www\\c...', 12, Array)
#1 C:\wamp64\www\contact\system\CodeIgniter.php(936): App\Controllers\Api->index()
#2 C:\wamp64\www\contact\system\CodeIgniter.php(432): CodeIgniter\CodeIgniter->runController(Object(App\Controllers\Api))
#3 C:\wamp64\www\contact\system\CodeIgniter.php(333): CodeIgniter\CodeIgniter->handleRequest(NULL, Object(Config\Cache), false)
#4 C:\wamp64\www\contact\public\index.php(44): CodeIgniter\CodeIgniter->run()
#5 {main}
CRITICAL - 2021-03-11 08:58:48 --> Array to string conversion
#0 C:\wamp64\www\contact\app\Controllers\Api.php(15): CodeIgniter\Debug\Exceptions->errorHandler(8, 'Array to string...', 'C:\\wamp64\\www\\c...', 15, Array)
#1 C:\wamp64\www\contact\system\CodeIgniter.php(936): App\Controllers\Api->index()
#2 C:\wamp64\www\contact\system\CodeIgniter.php(432): CodeIgniter\CodeIgniter->runController(Object(App\Controllers\Api))
#3 C:\wamp64\www\contact\system\CodeIgniter.php(333): CodeIgniter\CodeIgniter->handleRequest(NULL, Object(Config\Cache), false)
#4 C:\wamp64\www\contact\public\index.php(44): CodeIgniter\CodeIgniter->run()
#5 {main}
CRITICAL - 2021-03-11 08:58:50 --> Array to string conversion
#0 C:\wamp64\www\contact\app\Controllers\Api.php(15): CodeIgniter\Debug\Exceptions->errorHandler(8, 'Array to string...', 'C:\\wamp64\\www\\c...', 15, Array)
#1 C:\wamp64\www\contact\system\CodeIgniter.php(936): App\Controllers\Api->index()
#2 C:\wamp64\www\contact\system\CodeIgniter.php(432): CodeIgniter\CodeIgniter->runController(Object(App\Controllers\Api))
#3 C:\wamp64\www\contact\system\CodeIgniter.php(333): CodeIgniter\CodeIgniter->handleRequest(NULL, Object(Config\Cache), false)
#4 C:\wamp64\www\contact\public\index.php(44): CodeIgniter\CodeIgniter->run()
#5 {main}
CRITICAL - 2021-03-11 08:59:16 --> Use of undefined constant typeSearch - assumed 'typeSearch' (this will throw an Error in a future version of PHP)
#0 C:\wamp64\www\contact\app\Controllers\Api.php(15): CodeIgniter\Debug\Exceptions->errorHandler(2, 'Use of undefine...', 'C:\\wamp64\\www\\c...', 15, Array)
#1 C:\wamp64\www\contact\system\CodeIgniter.php(936): App\Controllers\Api->index()
#2 C:\wamp64\www\contact\system\CodeIgniter.php(432): CodeIgniter\CodeIgniter->runController(Object(App\Controllers\Api))
#3 C:\wamp64\www\contact\system\CodeIgniter.php(333): CodeIgniter\CodeIgniter->handleRequest(NULL, Object(Config\Cache), false)
#4 C:\wamp64\www\contact\public\index.php(44): CodeIgniter\CodeIgniter->run()
#5 {main}
CRITICAL - 2021-03-11 09:06:49 --> Undefined property: App\Controllers\Api::$filmModel
#0 C:\wamp64\www\contact\app\Controllers\Api.php(24): CodeIgniter\Debug\Exceptions->errorHandler(8, 'Undefined prope...', 'C:\\wamp64\\www\\c...', 24, Array)
#1 C:\wamp64\www\contact\system\CodeIgniter.php(936): App\Controllers\Api->index()
#2 C:\wamp64\www\contact\system\CodeIgniter.php(432): CodeIgniter\CodeIgniter->runController(Object(App\Controllers\Api))
#3 C:\wamp64\www\contact\system\CodeIgniter.php(333): CodeIgniter\CodeIgniter->handleRequest(NULL, Object(Config\Cache), false)
#4 C:\wamp64\www\contact\public\index.php(44): CodeIgniter\CodeIgniter->run()
#5 {main}
CRITICAL - 2021-03-11 09:16:20 --> syntax error, unexpected 'public' (T_PUBLIC)
#0 C:\wamp64\www\contact\system\Router\Router.php(170): CodeIgniter\Router\Router->autoRoute('api')
#1 C:\wamp64\www\contact\system\CodeIgniter.php(816): CodeIgniter\Router\Router->handle('api')
#2 C:\wamp64\www\contact\system\CodeIgniter.php(385): CodeIgniter\CodeIgniter->tryToRouteIt(Object(CodeIgniter\Router\RouteCollection))
#3 C:\wamp64\www\contact\system\CodeIgniter.php(333): CodeIgniter\CodeIgniter->handleRequest(NULL, Object(Config\Cache), false)
#4 C:\wamp64\www\contact\public\index.php(44): CodeIgniter\CodeIgniter->run()
#5 {main}
CRITICAL - 2021-03-11 09:16:57 --> syntax error, unexpected 'public' (T_PUBLIC)
#0 C:\wamp64\www\contact\system\Router\Router.php(170): CodeIgniter\Router\Router->autoRoute('api')
#1 C:\wamp64\www\contact\system\CodeIgniter.php(816): CodeIgniter\Router\Router->handle('api')
#2 C:\wamp64\www\contact\system\CodeIgniter.php(385): CodeIgniter\CodeIgniter->tryToRouteIt(Object(CodeIgniter\Router\RouteCollection))
#3 C:\wamp64\www\contact\system\CodeIgniter.php(333): CodeIgniter\CodeIgniter->handleRequest(NULL, Object(Config\Cache), false)
#4 C:\wamp64\www\contact\public\index.php(44): CodeIgniter\CodeIgniter->run()
#5 {main}
CRITICAL - 2021-03-11 09:17:38 --> syntax error, unexpected 'public' (T_PUBLIC)
#0 C:\wamp64\www\contact\system\Router\Router.php(170): CodeIgniter\Router\Router->autoRoute('api')
#1 C:\wamp64\www\contact\system\CodeIgniter.php(816): CodeIgniter\Router\Router->handle('api')
#2 C:\wamp64\www\contact\system\CodeIgniter.php(385): CodeIgniter\CodeIgniter->tryToRouteIt(Object(CodeIgniter\Router\RouteCollection))
#3 C:\wamp64\www\contact\system\CodeIgniter.php(333): CodeIgniter\CodeIgniter->handleRequest(NULL, Object(Config\Cache), false)
#4 C:\wamp64\www\contact\public\index.php(44): CodeIgniter\CodeIgniter->run()
#5 {main}
CRITICAL - 2021-03-11 09:39:48 --> Undefined variable: searchContact
#0 C:\wamp64\www\contact\app\Controllers\Api.php(37): CodeIgniter\Debug\Exceptions->errorHandler(8, 'Undefined varia...', 'C:\\wamp64\\www\\c...', 37, Array)
#1 C:\wamp64\www\contact\system\CodeIgniter.php(936): App\Controllers\Api->index()
#2 C:\wamp64\www\contact\system\CodeIgniter.php(432): CodeIgniter\CodeIgniter->runController(Object(App\Controllers\Api))
#3 C:\wamp64\www\contact\system\CodeIgniter.php(333): CodeIgniter\CodeIgniter->handleRequest(NULL, Object(Config\Cache), false)
#4 C:\wamp64\www\contact\public\index.php(44): CodeIgniter\CodeIgniter->run()
#5 {main}
CRITICAL - 2021-03-11 10:01:19 --> Undefined variable: searchContact
#0 C:\wamp64\www\contact\app\Controllers\Api.php(37): CodeIgniter\Debug\Exceptions->errorHandler(8, 'Undefined varia...', 'C:\\wamp64\\www\\c...', 37, Array)
#1 C:\wamp64\www\contact\system\CodeIgniter.php(936): App\Controllers\Api->index()
#2 C:\wamp64\www\contact\system\CodeIgniter.php(432): CodeIgniter\CodeIgniter->runController(Object(App\Controllers\Api))
#3 C:\wamp64\www\contact\system\CodeIgniter.php(333): CodeIgniter\CodeIgniter->handleRequest(NULL, Object(Config\Cache), false)
#4 C:\wamp64\www\contact\public\index.php(44): CodeIgniter\CodeIgniter->run()
#5 {main}
CRITICAL - 2021-03-11 10:02:14 --> Undefined variable: searchContact
#0 C:\wamp64\www\contact\app\Controllers\Api.php(37): CodeIgniter\Debug\Exceptions->errorHandler(8, 'Undefined varia...', 'C:\\wamp64\\www\\c...', 37, Array)
#1 C:\wamp64\www\contact\system\CodeIgniter.php(936): App\Controllers\Api->index()
#2 C:\wamp64\www\contact\system\CodeIgniter.php(432): CodeIgniter\CodeIgniter->runController(Object(App\Controllers\Api))
#3 C:\wamp64\www\contact\system\CodeIgniter.php(333): CodeIgniter\CodeIgniter->handleRequest(NULL, Object(Config\Cache), false)
#4 C:\wamp64\www\contact\public\index.php(44): CodeIgniter\CodeIgniter->run()
#5 {main}
CRITICAL - 2021-03-11 10:02:48 --> Undefined variable: searchContact
#0 C:\wamp64\www\contact\app\Controllers\Api.php(39): CodeIgniter\Debug\Exceptions->errorHandler(8, 'Undefined varia...', 'C:\\wamp64\\www\\c...', 39, Array)
#1 C:\wamp64\www\contact\system\CodeIgniter.php(936): App\Controllers\Api->index()
#2 C:\wamp64\www\contact\system\CodeIgniter.php(432): CodeIgniter\CodeIgniter->runController(Object(App\Controllers\Api))
#3 C:\wamp64\www\contact\system\CodeIgniter.php(333): CodeIgniter\CodeIgniter->handleRequest(NULL, Object(Config\Cache), false)
#4 C:\wamp64\www\contact\public\index.php(44): CodeIgniter\CodeIgniter->run()
#5 {main}
CRITICAL - 2021-03-11 10:11:36 --> Undefined variable: searchContact
#0 C:\wamp64\www\contact\app\Controllers\Api.php(38): CodeIgniter\Debug\Exceptions->errorHandler(8, 'Undefined varia...', 'C:\\wamp64\\www\\c...', 38, Array)
#1 C:\wamp64\www\contact\system\CodeIgniter.php(936): App\Controllers\Api->index()
#2 C:\wamp64\www\contact\system\CodeIgniter.php(432): CodeIgniter\CodeIgniter->runController(Object(App\Controllers\Api))
#3 C:\wamp64\www\contact\system\CodeIgniter.php(333): CodeIgniter\CodeIgniter->handleRequest(NULL, Object(Config\Cache), false)
#4 C:\wamp64\www\contact\public\index.php(44): CodeIgniter\CodeIgniter->run()
#5 {main}
CRITICAL - 2021-03-11 12:20:02 --> Undefined offset: 1
#0 C:\wamp64\www\contact\app\Controllers\Api.php(87): CodeIgniter\Debug\Exceptions->errorHandler(8, 'Undefined offse...', 'C:\\wamp64\\www\\c...', 87, Array)
#1 C:\wamp64\www\contact\system\CodeIgniter.php(936): App\Controllers\Api->favory()
#2 C:\wamp64\www\contact\system\CodeIgniter.php(432): CodeIgniter\CodeIgniter->runController(Object(App\Controllers\Api))
#3 C:\wamp64\www\contact\system\CodeIgniter.php(333): CodeIgniter\CodeIgniter->handleRequest(NULL, Object(Config\Cache), false)
#4 C:\wamp64\www\contact\public\index.php(44): CodeIgniter\CodeIgniter->run()
#5 {main}
CRITICAL - 2021-03-11 12:26:07 --> Undefined index: favory
#0 C:\wamp64\www\contact\app\Controllers\Api.php(92): CodeIgniter\Debug\Exceptions->errorHandler(8, 'Undefined index...', 'C:\\wamp64\\www\\c...', 92, Array)
#1 C:\wamp64\www\contact\system\CodeIgniter.php(936): App\Controllers\Api->favory()
#2 C:\wamp64\www\contact\system\CodeIgniter.php(432): CodeIgniter\CodeIgniter->runController(Object(App\Controllers\Api))
#3 C:\wamp64\www\contact\system\CodeIgniter.php(333): CodeIgniter\CodeIgniter->handleRequest(NULL, Object(Config\Cache), false)
#4 C:\wamp64\www\contact\public\index.php(44): CodeIgniter\CodeIgniter->run()
#5 {main}
CRITICAL - 2021-03-11 12:27:02 --> Illegal string offset 'favory'
#0 C:\wamp64\www\contact\app\Controllers\Api.php(92): CodeIgniter\Debug\Exceptions->errorHandler(2, 'Illegal string ...', 'C:\\wamp64\\www\\c...', 92, Array)
#1 C:\wamp64\www\contact\system\CodeIgniter.php(936): App\Controllers\Api->favory()
#2 C:\wamp64\www\contact\system\CodeIgniter.php(432): CodeIgniter\CodeIgniter->runController(Object(App\Controllers\Api))
#3 C:\wamp64\www\contact\system\CodeIgniter.php(333): CodeIgniter\CodeIgniter->handleRequest(NULL, Object(Config\Cache), false)
#4 C:\wamp64\www\contact\public\index.php(44): CodeIgniter\CodeIgniter->run()
#5 {main}
CRITICAL - 2021-03-11 12:27:02 --> Illegal string offset 'favory'
#0 C:\wamp64\www\contact\app\Controllers\Api.php(92): CodeIgniter\Debug\Exceptions->errorHandler(2, 'Illegal string ...', 'C:\\wamp64\\www\\c...', 92, Array)
#1 C:\wamp64\www\contact\system\CodeIgniter.php(936): App\Controllers\Api->favory()
#2 C:\wamp64\www\contact\system\CodeIgniter.php(432): CodeIgniter\CodeIgniter->runController(Object(App\Controllers\Api))
#3 C:\wamp64\www\contact\system\CodeIgniter.php(333): CodeIgniter\CodeIgniter->handleRequest(NULL, Object(Config\Cache), false)
#4 C:\wamp64\www\contact\public\index.php(44): CodeIgniter\CodeIgniter->run()
#5 {main}
CRITICAL - 2021-03-11 12:32:56 --> Undefined variable: searchContact
#0 C:\wamp64\www\contact\app\Controllers\Api.php(39): CodeIgniter\Debug\Exceptions->errorHandler(8, 'Undefined varia...', 'C:\\wamp64\\www\\c...', 39, Array)
#1 C:\wamp64\www\contact\system\CodeIgniter.php(936): App\Controllers\Api->index()
#2 C:\wamp64\www\contact\system\CodeIgniter.php(432): CodeIgniter\CodeIgniter->runController(Object(App\Controllers\Api))
#3 C:\wamp64\www\contact\system\CodeIgniter.php(333): CodeIgniter\CodeIgniter->handleRequest(NULL, Object(Config\Cache), false)
#4 C:\wamp64\www\contact\public\index.php(44): CodeIgniter\CodeIgniter->run()
#5 {main}
CRITICAL - 2021-03-11 13:25:42 --> There is no data to update.
#0 C:\wamp64\www\contact\system\BaseModel.php(880): CodeIgniter\Database\Exceptions\DataException::forEmptyDataset('update')
#1 C:\wamp64\www\contact\system\Model.php(737): CodeIgniter\BaseModel->update(NULL, Array)
#2 C:\wamp64\www\contact\app\Controllers\Api.php(99): CodeIgniter\Model->update()
#3 C:\wamp64\www\contact\system\CodeIgniter.php(936): App\Controllers\Api->favory()
#4 C:\wamp64\www\contact\system\CodeIgniter.php(432): CodeIgniter\CodeIgniter->runController(Object(App\Controllers\Api))
#5 C:\wamp64\www\contact\system\CodeIgniter.php(333): CodeIgniter\CodeIgniter->handleRequest(NULL, Object(Config\Cache), false)
#6 C:\wamp64\www\contact\public\index.php(44): CodeIgniter\CodeIgniter->run()
#7 {main}
CRITICAL - 2021-03-11 13:27:52 --> There is no data to update.
#0 C:\wamp64\www\contact\system\BaseModel.php(880): CodeIgniter\Database\Exceptions\DataException::forEmptyDataset('update')
#1 C:\wamp64\www\contact\system\Model.php(737): CodeIgniter\BaseModel->update(NULL, Array)
#2 C:\wamp64\www\contact\app\Controllers\Api.php(101): CodeIgniter\Model->update()
#3 C:\wamp64\www\contact\system\CodeIgniter.php(936): App\Controllers\Api->favory()
#4 C:\wamp64\www\contact\system\CodeIgniter.php(432): CodeIgniter\CodeIgniter->runController(Object(App\Controllers\Api))
#5 C:\wamp64\www\contact\system\CodeIgniter.php(333): CodeIgniter\CodeIgniter->handleRequest(NULL, Object(Config\Cache), false)
#6 C:\wamp64\www\contact\public\index.php(44): CodeIgniter\CodeIgniter->run()
#7 {main}
CRITICAL - 2021-03-11 13:28:34 --> Cannot use object of type App\Models\ContactsModel as array
#0 C:\wamp64\www\contact\system\CodeIgniter.php(936): App\Controllers\Api->favory()
#1 C:\wamp64\www\contact\system\CodeIgniter.php(432): CodeIgniter\CodeIgniter->runController(Object(App\Controllers\Api))
#2 C:\wamp64\www\contact\system\CodeIgniter.php(333): CodeIgniter\CodeIgniter->handleRequest(NULL, Object(Config\Cache), false)
#3 C:\wamp64\www\contact\public\index.php(44): CodeIgniter\CodeIgniter->run()
#4 {main}
CRITICAL - 2021-03-11 13:30:26 --> There is no data to update.
#0 C:\wamp64\www\contact\system\BaseModel.php(880): CodeIgniter\Database\Exceptions\DataException::forEmptyDataset('update')
#1 C:\wamp64\www\contact\system\Model.php(737): CodeIgniter\BaseModel->update(NULL, Array)
#2 C:\wamp64\www\contact\app\Controllers\Api.php(100): CodeIgniter\Model->update()
#3 C:\wamp64\www\contact\system\CodeIgniter.php(936): App\Controllers\Api->favory()
#4 C:\wamp64\www\contact\system\CodeIgniter.php(432): CodeIgniter\CodeIgniter->runController(Object(App\Controllers\Api))
#5 C:\wamp64\www\contact\system\CodeIgniter.php(333): CodeIgniter\CodeIgniter->handleRequest(NULL, Object(Config\Cache), false)
#6 C:\wamp64\www\contact\public\index.php(44): CodeIgniter\CodeIgniter->run()
#7 {main}
CRITICAL - 2021-03-11 13:30:27 --> There is no data to update.
#0 C:\wamp64\www\contact\system\BaseModel.php(880): CodeIgniter\Database\Exceptions\DataException::forEmptyDataset('update')
#1 C:\wamp64\www\contact\system\Model.php(737): CodeIgniter\BaseModel->update(NULL, Array)
#2 C:\wamp64\www\contact\app\Controllers\Api.php(100): CodeIgniter\Model->update()
#3 C:\wamp64\www\contact\system\CodeIgniter.php(936): App\Controllers\Api->favory()
#4 C:\wamp64\www\contact\system\CodeIgniter.php(432): CodeIgniter\CodeIgniter->runController(Object(App\Controllers\Api))
#5 C:\wamp64\www\contact\system\CodeIgniter.php(333): CodeIgniter\CodeIgniter->handleRequest(NULL, Object(Config\Cache), false)
#6 C:\wamp64\www\contact\public\index.php(44): CodeIgniter\CodeIgniter->run()
#7 {main}
CRITICAL - 2021-03-11 13:30:27 --> There is no data to update.
#0 C:\wamp64\www\contact\system\BaseModel.php(880): CodeIgniter\Database\Exceptions\DataException::forEmptyDataset('update')
#1 C:\wamp64\www\contact\system\Model.php(737): CodeIgniter\BaseModel->update(NULL, Array)
#2 C:\wamp64\www\contact\app\Controllers\Api.php(100): CodeIgniter\Model->update()
#3 C:\wamp64\www\contact\system\CodeIgniter.php(936): App\Controllers\Api->favory()
#4 C:\wamp64\www\contact\system\CodeIgniter.php(432): CodeIgniter\CodeIgniter->runController(Object(App\Controllers\Api))
#5 C:\wamp64\www\contact\system\CodeIgniter.php(333): CodeIgniter\CodeIgniter->handleRequest(NULL, Object(Config\Cache), false)
#6 C:\wamp64\www\contact\public\index.php(44): CodeIgniter\CodeIgniter->run()
#7 {main}
CRITICAL - 2021-03-11 13:30:31 --> There is no data to update.
#0 C:\wamp64\www\contact\system\BaseModel.php(880): CodeIgniter\Database\Exceptions\DataException::forEmptyDataset('update')
#1 C:\wamp64\www\contact\system\Model.php(737): CodeIgniter\BaseModel->update(NULL, Array)
#2 C:\wamp64\www\contact\app\Controllers\Api.php(94): CodeIgniter\Model->update()
#3 C:\wamp64\www\contact\system\CodeIgniter.php(936): App\Controllers\Api->favory()
#4 C:\wamp64\www\contact\system\CodeIgniter.php(432): CodeIgniter\CodeIgniter->runController(Object(App\Controllers\Api))
#5 C:\wamp64\www\contact\system\CodeIgniter.php(333): CodeIgniter\CodeIgniter->handleRequest(NULL, Object(Config\Cache), false)
#6 C:\wamp64\www\contact\public\index.php(44): CodeIgniter\CodeIgniter->run()
#7 {main}
CRITICAL - 2021-03-11 13:34:10 --> There is no data to update.
#0 C:\wamp64\www\contact\system\BaseModel.php(880): CodeIgniter\Database\Exceptions\DataException::forEmptyDataset('update')
#1 C:\wamp64\www\contact\system\Model.php(737): CodeIgniter\BaseModel->update(NULL, Array)
#2 C:\wamp64\www\contact\app\Controllers\Api.php(95): CodeIgniter\Model->update()
#3 C:\wamp64\www\contact\system\CodeIgniter.php(936): App\Controllers\Api->favory()
#4 C:\wamp64\www\contact\system\CodeIgniter.php(432): CodeIgniter\CodeIgniter->runController(Object(App\Controllers\Api))
#5 C:\wamp64\www\contact\system\CodeIgniter.php(333): CodeIgniter\CodeIgniter->handleRequest(NULL, Object(Config\Cache), false)
#6 C:\wamp64\www\contact\public\index.php(44): CodeIgniter\CodeIgniter->run()
#7 {main}
CRITICAL - 2021-03-11 13:34:33 --> There is no data to update.
#0 C:\wamp64\www\contact\system\BaseModel.php(880): CodeIgniter\Database\Exceptions\DataException::forEmptyDataset('update')
#1 C:\wamp64\www\contact\system\Model.php(737): CodeIgniter\BaseModel->update(NULL, Array)
#2 C:\wamp64\www\contact\app\Controllers\Api.php(95): CodeIgniter\Model->update()
#3 C:\wamp64\www\contact\system\CodeIgniter.php(936): App\Controllers\Api->favory()
#4 C:\wamp64\www\contact\system\CodeIgniter.php(432): CodeIgniter\CodeIgniter->runController(Object(App\Controllers\Api))
#5 C:\wamp64\www\contact\system\CodeIgniter.php(333): CodeIgniter\CodeIgniter->handleRequest(NULL, Object(Config\Cache), false)
#6 C:\wamp64\www\contact\public\index.php(44): CodeIgniter\CodeIgniter->run()
#7 {main}
CRITICAL - 2021-03-11 13:37:17 --> There is no data to update.
#0 C:\wamp64\www\contact\system\BaseModel.php(880): CodeIgniter\Database\Exceptions\DataException::forEmptyDataset('update')
#1 C:\wamp64\www\contact\system\Model.php(737): CodeIgniter\BaseModel->update(NULL, Array)
#2 C:\wamp64\www\contact\app\Controllers\Api.php(95): CodeIgniter\Model->update()
#3 C:\wamp64\www\contact\system\CodeIgniter.php(936): App\Controllers\Api->favory()
#4 C:\wamp64\www\contact\system\CodeIgniter.php(432): CodeIgniter\CodeIgniter->runController(Object(App\Controllers\Api))
#5 C:\wamp64\www\contact\system\CodeIgniter.php(333): CodeIgniter\CodeIgniter->handleRequest(NULL, Object(Config\Cache), false)
#6 C:\wamp64\www\contact\public\index.php(44): CodeIgniter\CodeIgniter->run()
#7 {main}
CRITICAL - 2021-03-11 13:37:37 --> Undefined variable: No
#0 C:\wamp64\www\contact\app\Controllers\Api.php(94): CodeIgniter\Debug\Exceptions->errorHandler(8, 'Undefined varia...', 'C:\\wamp64\\www\\c...', 94, Array)
#1 C:\wamp64\www\contact\system\CodeIgniter.php(936): App\Controllers\Api->favory()
#2 C:\wamp64\www\contact\system\CodeIgniter.php(432): CodeIgniter\CodeIgniter->runController(Object(App\Controllers\Api))
#3 C:\wamp64\www\contact\system\CodeIgniter.php(333): CodeIgniter\CodeIgniter->handleRequest(NULL, Object(Config\Cache), false)
#4 C:\wamp64\www\contact\public\index.php(44): CodeIgniter\CodeIgniter->run()
#5 {main}
CRITICAL - 2021-03-11 13:43:37 --> Undefined variable: favory
#0 C:\wamp64\www\contact\app\Controllers\Api.php(87): CodeIgniter\Debug\Exceptions->errorHandler(8, 'Undefined varia...', 'C:\\wamp64\\www\\c...', 87, Array)
#1 C:\wamp64\www\contact\system\CodeIgniter.php(936): App\Controllers\Api->favory()
#2 C:\wamp64\www\contact\system\CodeIgniter.php(432): CodeIgniter\CodeIgniter->runController(Object(App\Controllers\Api))
#3 C:\wamp64\www\contact\system\CodeIgniter.php(333): CodeIgniter\CodeIgniter->handleRequest(NULL, Object(Config\Cache), false)
#4 C:\wamp64\www\contact\public\index.php(44): CodeIgniter\CodeIgniter->run()
#5 {main}
CRITICAL - 2021-03-11 13:43:39 --> Undefined variable: favory
#0 C:\wamp64\www\contact\app\Controllers\Api.php(87): CodeIgniter\Debug\Exceptions->errorHandler(8, 'Undefined varia...', 'C:\\wamp64\\www\\c...', 87, Array)
#1 C:\wamp64\www\contact\system\CodeIgniter.php(936): App\Controllers\Api->favory()
#2 C:\wamp64\www\contact\system\CodeIgniter.php(432): CodeIgniter\CodeIgniter->runController(Object(App\Controllers\Api))
#3 C:\wamp64\www\contact\system\CodeIgniter.php(333): CodeIgniter\CodeIgniter->handleRequest(NULL, Object(Config\Cache), false)
#4 C:\wamp64\www\contact\public\index.php(44): CodeIgniter\CodeIgniter->run()
#5 {main}
CRITICAL - 2021-03-11 13:44:06 --> Undefined variable: searchContact
#0 C:\wamp64\www\contact\app\Controllers\Api.php(39): CodeIgniter\Debug\Exceptions->errorHandler(8, 'Undefined varia...', 'C:\\wamp64\\www\\c...', 39, Array)
#1 C:\wamp64\www\contact\system\CodeIgniter.php(936): App\Controllers\Api->index()
#2 C:\wamp64\www\contact\system\CodeIgniter.php(432): CodeIgniter\CodeIgniter->runController(Object(App\Controllers\Api))
#3 C:\wamp64\www\contact\system\CodeIgniter.php(333): CodeIgniter\CodeIgniter->handleRequest(NULL, Object(Config\Cache), false)
#4 C:\wamp64\www\contact\public\index.php(44): CodeIgniter\CodeIgniter->run()
#5 {main}
CRITICAL - 2021-03-11 13:44:47 --> Too few arguments to function CodeIgniter\Model::set(), 0 passed in C:\wamp64\www\contact\app\Controllers\Api.php on line 93 and at least 1 expected
#0 C:\wamp64\www\contact\app\Controllers\Api.php(93): CodeIgniter\Model->set()
#1 C:\wamp64\www\contact\system\CodeIgniter.php(936): App\Controllers\Api->favory()
#2 C:\wamp64\www\contact\system\CodeIgniter.php(432): CodeIgniter\CodeIgniter->runController(Object(App\Controllers\Api))
#3 C:\wamp64\www\contact\system\CodeIgniter.php(333): CodeIgniter\CodeIgniter->handleRequest(NULL, Object(Config\Cache), false)
#4 C:\wamp64\www\contact\public\index.php(44): CodeIgniter\CodeIgniter->run()
#5 {main}
CRITICAL - 2021-03-11 13:47:25 --> There is no data to update.
#0 C:\wamp64\www\contact\system\BaseModel.php(880): CodeIgniter\Database\Exceptions\DataException::forEmptyDataset('update')
#1 C:\wamp64\www\contact\system\Model.php(737): CodeIgniter\BaseModel->update(NULL, Array)
#2 C:\wamp64\www\contact\app\Controllers\Api.php(95): CodeIgniter\Model->update()
#3 C:\wamp64\www\contact\system\CodeIgniter.php(936): App\Controllers\Api->favory()
#4 C:\wamp64\www\contact\system\CodeIgniter.php(432): CodeIgniter\CodeIgniter->runController(Object(App\Controllers\Api))
#5 C:\wamp64\www\contact\system\CodeIgniter.php(333): CodeIgniter\CodeIgniter->handleRequest(NULL, Object(Config\Cache), false)
#6 C:\wamp64\www\contact\public\index.php(44): CodeIgniter\CodeIgniter->run()
#7 {main}
CRITICAL - 2021-03-11 13:48:30 --> There is no data to update.
#0 C:\wamp64\www\contact\system\BaseModel.php(880): CodeIgniter\Database\Exceptions\DataException::forEmptyDataset('update')
#1 C:\wamp64\www\contact\system\Model.php(737): CodeIgniter\BaseModel->update(NULL, Array)
#2 C:\wamp64\www\contact\app\Controllers\Api.php(95): CodeIgniter\Model->update()
#3 C:\wamp64\www\contact\system\CodeIgniter.php(936): App\Controllers\Api->favory()
#4 C:\wamp64\www\contact\system\CodeIgniter.php(432): CodeIgniter\CodeIgniter->runController(Object(App\Controllers\Api))
#5 C:\wamp64\www\contact\system\CodeIgniter.php(333): CodeIgniter\CodeIgniter->handleRequest(NULL, Object(Config\Cache), false)
#6 C:\wamp64\www\contact\public\index.php(44): CodeIgniter\CodeIgniter->run()
#7 {main}
CRITICAL - 2021-03-11 13:48:38 --> There is no data to update.
#0 C:\wamp64\www\contact\system\BaseModel.php(880): CodeIgniter\Database\Exceptions\DataException::forEmptyDataset('update')
#1 C:\wamp64\www\contact\system\Model.php(737): CodeIgniter\BaseModel->update(NULL, Array)
#2 C:\wamp64\www\contact\app\Controllers\Api.php(95): CodeIgniter\Model->update()
#3 C:\wamp64\www\contact\system\CodeIgniter.php(936): App\Controllers\Api->favory()
#4 C:\wamp64\www\contact\system\CodeIgniter.php(432): CodeIgniter\CodeIgniter->runController(Object(App\Controllers\Api))
#5 C:\wamp64\www\contact\system\CodeIgniter.php(333): CodeIgniter\CodeIgniter->handleRequest(NULL, Object(Config\Cache), false)
#6 C:\wamp64\www\contact\public\index.php(44): CodeIgniter\CodeIgniter->run()
#7 {main}
CRITICAL - 2021-03-11 13:49:00 --> There is no data to update.
#0 C:\wamp64\www\contact\system\BaseModel.php(880): CodeIgniter\Database\Exceptions\DataException::forEmptyDataset('update')
#1 C:\wamp64\www\contact\system\Model.php(737): CodeIgniter\BaseModel->update(NULL, Array)
#2 C:\wamp64\www\contact\app\Controllers\Api.php(95): CodeIgniter\Model->update()
#3 C:\wamp64\www\contact\system\CodeIgniter.php(936): App\Controllers\Api->favory()
#4 C:\wamp64\www\contact\system\CodeIgniter.php(432): CodeIgniter\CodeIgniter->runController(Object(App\Controllers\Api))
#5 C:\wamp64\www\contact\system\CodeIgniter.php(333): CodeIgniter\CodeIgniter->handleRequest(NULL, Object(Config\Cache), false)
#6 C:\wamp64\www\contact\public\index.php(44): CodeIgniter\CodeIgniter->run()
#7 {main}
CRITICAL - 2021-03-11 13:50:04 --> There is no data to update.
#0 C:\wamp64\www\contact\system\BaseModel.php(880): CodeIgniter\Database\Exceptions\DataException::forEmptyDataset('update')
#1 C:\wamp64\www\contact\system\Model.php(737): CodeIgniter\BaseModel->update(NULL, Array)
#2 C:\wamp64\www\contact\app\Controllers\Api.php(95): CodeIgniter\Model->update()
#3 C:\wamp64\www\contact\system\CodeIgniter.php(936): App\Controllers\Api->favory()
#4 C:\wamp64\www\contact\system\CodeIgniter.php(432): CodeIgniter\CodeIgniter->runController(Object(App\Controllers\Api))
#5 C:\wamp64\www\contact\system\CodeIgniter.php(333): CodeIgniter\CodeIgniter->handleRequest(NULL, Object(Config\Cache), false)
#6 C:\wamp64\www\contact\public\index.php(44): CodeIgniter\CodeIgniter->run()
#7 {main}
CRITICAL - 2021-03-11 13:50:05 --> There is no data to update.
#0 C:\wamp64\www\contact\system\BaseModel.php(880): CodeIgniter\Database\Exceptions\DataException::forEmptyDataset('update')
#1 C:\wamp64\www\contact\system\Model.php(737): CodeIgniter\BaseModel->update(NULL, Array)
#2 C:\wamp64\www\contact\app\Controllers\Api.php(95): CodeIgniter\Model->update()
#3 C:\wamp64\www\contact\system\CodeIgniter.php(936): App\Controllers\Api->favory()
#4 C:\wamp64\www\contact\system\CodeIgniter.php(432): CodeIgniter\CodeIgniter->runController(Object(App\Controllers\Api))
#5 C:\wamp64\www\contact\system\CodeIgniter.php(333): CodeIgniter\CodeIgniter->handleRequest(NULL, Object(Config\Cache), false)
#6 C:\wamp64\www\contact\public\index.php(44): CodeIgniter\CodeIgniter->run()
#7 {main}
CRITICAL - 2021-03-11 13:50:05 --> There is no data to update.
#0 C:\wamp64\www\contact\system\BaseModel.php(880): CodeIgniter\Database\Exceptions\DataException::forEmptyDataset('update')
#1 C:\wamp64\www\contact\system\Model.php(737): CodeIgniter\BaseModel->update(NULL, Array)
#2 C:\wamp64\www\contact\app\Controllers\Api.php(95): CodeIgniter\Model->update()
#3 C:\wamp64\www\contact\system\CodeIgniter.php(936): App\Controllers\Api->favory()
#4 C:\wamp64\www\contact\system\CodeIgniter.php(432): CodeIgniter\CodeIgniter->runController(Object(App\Controllers\Api))
#5 C:\wamp64\www\contact\system\CodeIgniter.php(333): CodeIgniter\CodeIgniter->handleRequest(NULL, Object(Config\Cache), false)
#6 C:\wamp64\www\contact\public\index.php(44): CodeIgniter\CodeIgniter->run()
#7 {main}
CRITICAL - 2021-03-11 13:50:06 --> There is no data to update.
#0 C:\wamp64\www\contact\system\BaseModel.php(880): CodeIgniter\Database\Exceptions\DataException::forEmptyDataset('update')
#1 C:\wamp64\www\contact\system\Model.php(737): CodeIgniter\BaseModel->update(NULL, Array)
#2 C:\wamp64\www\contact\app\Controllers\Api.php(95): CodeIgniter\Model->update()
#3 C:\wamp64\www\contact\system\CodeIgniter.php(936): App\Controllers\Api->favory()
#4 C:\wamp64\www\contact\system\CodeIgniter.php(432): CodeIgniter\CodeIgniter->runController(Object(App\Controllers\Api))
#5 C:\wamp64\www\contact\system\CodeIgniter.php(333): CodeIgniter\CodeIgniter->handleRequest(NULL, Object(Config\Cache), false)
#6 C:\wamp64\www\contact\public\index.php(44): CodeIgniter\CodeIgniter->run()
#7 {main}
CRITICAL - 2021-03-11 13:50:06 --> There is no data to update.
#0 C:\wamp64\www\contact\system\BaseModel.php(880): CodeIgniter\Database\Exceptions\DataException::forEmptyDataset('update')
#1 C:\wamp64\www\contact\system\Model.php(737): CodeIgniter\BaseModel->update(NULL, Array)
#2 C:\wamp64\www\contact\app\Controllers\Api.php(95): CodeIgniter\Model->update()
#3 C:\wamp64\www\contact\system\CodeIgniter.php(936): App\Controllers\Api->favory()
#4 C:\wamp64\www\contact\system\CodeIgniter.php(432): CodeIgniter\CodeIgniter->runController(Object(App\Controllers\Api))
#5 C:\wamp64\www\contact\system\CodeIgniter.php(333): CodeIgniter\CodeIgniter->handleRequest(NULL, Object(Config\Cache), false)
#6 C:\wamp64\www\contact\public\index.php(44): CodeIgniter\CodeIgniter->run()
#7 {main}
CRITICAL - 2021-03-11 13:50:06 --> There is no data to update.
#0 C:\wamp64\www\contact\system\BaseModel.php(880): CodeIgniter\Database\Exceptions\DataException::forEmptyDataset('update')
#1 C:\wamp64\www\contact\system\Model.php(737): CodeIgniter\BaseModel->update(NULL, Array)
#2 C:\wamp64\www\contact\app\Controllers\Api.php(95): CodeIgniter\Model->update()
#3 C:\wamp64\www\contact\system\CodeIgniter.php(936): App\Controllers\Api->favory()
#4 C:\wamp64\www\contact\system\CodeIgniter.php(432): CodeIgniter\CodeIgniter->runController(Object(App\Controllers\Api))
#5 C:\wamp64\www\contact\system\CodeIgniter.php(333): CodeIgniter\CodeIgniter->handleRequest(NULL, Object(Config\Cache), false)
#6 C:\wamp64\www\contact\public\index.php(44): CodeIgniter\CodeIgniter->run()
#7 {main}
CRITICAL - 2021-03-11 13:50:13 --> There is no data to update.
#0 C:\wamp64\www\contact\system\BaseModel.php(880): CodeIgniter\Database\Exceptions\DataException::forEmptyDataset('update')
#1 C:\wamp64\www\contact\system\Model.php(737): CodeIgniter\BaseModel->update(NULL, Array)
#2 C:\wamp64\www\contact\app\Controllers\Api.php(102): CodeIgniter\Model->update()
#3 C:\wamp64\www\contact\system\CodeIgniter.php(936): App\Controllers\Api->favory()
#4 C:\wamp64\www\contact\system\CodeIgniter.php(432): CodeIgniter\CodeIgniter->runController(Object(App\Controllers\Api))
#5 C:\wamp64\www\contact\system\CodeIgniter.php(333): CodeIgniter\CodeIgniter->handleRequest(NULL, Object(Config\Cache), false)
#6 C:\wamp64\www\contact\public\index.php(44): CodeIgniter\CodeIgniter->run()
#7 {main}
CRITICAL - 2021-03-11 13:51:40 --> There is no data to update.
#0 C:\wamp64\www\contact\system\BaseModel.php(880): CodeIgniter\Database\Exceptions\DataException::forEmptyDataset('update')
#1 C:\wamp64\www\contact\system\Model.php(737): CodeIgniter\BaseModel->update(NULL, Array)
#2 C:\wamp64\www\contact\app\Controllers\Api.php(102): CodeIgniter\Model->update()
#3 C:\wamp64\www\contact\system\CodeIgniter.php(936): App\Controllers\Api->favory()
#4 C:\wamp64\www\contact\system\CodeIgniter.php(432): CodeIgniter\CodeIgniter->runController(Object(App\Controllers\Api))
#5 C:\wamp64\www\contact\system\CodeIgniter.php(333): CodeIgniter\CodeIgniter->handleRequest(NULL, Object(Config\Cache), false)
#6 C:\wamp64\www\contact\public\index.php(44): CodeIgniter\CodeIgniter->run()
#7 {main}
CRITICAL - 2021-03-11 13:51:41 --> There is no data to update.
#0 C:\wamp64\www\contact\system\BaseModel.php(880): CodeIgniter\Database\Exceptions\DataException::forEmptyDataset('update')
#1 C:\wamp64\www\contact\system\Model.php(737): CodeIgniter\BaseModel->update(NULL, Array)
#2 C:\wamp64\www\contact\app\Controllers\Api.php(102): CodeIgniter\Model->update()
#3 C:\wamp64\www\contact\system\CodeIgniter.php(936): App\Controllers\Api->favory()
#4 C:\wamp64\www\contact\system\CodeIgniter.php(432): CodeIgniter\CodeIgniter->runController(Object(App\Controllers\Api))
#5 C:\wamp64\www\contact\system\CodeIgniter.php(333): CodeIgniter\CodeIgniter->handleRequest(NULL, Object(Config\Cache), false)
#6 C:\wamp64\www\contact\public\index.php(44): CodeIgniter\CodeIgniter->run()
#7 {main}
CRITICAL - 2021-03-11 13:51:41 --> There is no data to update.
#0 C:\wamp64\www\contact\system\BaseModel.php(880): CodeIgniter\Database\Exceptions\DataException::forEmptyDataset('update')
#1 C:\wamp64\www\contact\system\Model.php(737): CodeIgniter\BaseModel->update(NULL, Array)
#2 C:\wamp64\www\contact\app\Controllers\Api.php(102): CodeIgniter\Model->update()
#3 C:\wamp64\www\contact\system\CodeIgniter.php(936): App\Controllers\Api->favory()
#4 C:\wamp64\www\contact\system\CodeIgniter.php(432): CodeIgniter\CodeIgniter->runController(Object(App\Controllers\Api))
#5 C:\wamp64\www\contact\system\CodeIgniter.php(333): CodeIgniter\CodeIgniter->handleRequest(NULL, Object(Config\Cache), false)
#6 C:\wamp64\www\contact\public\index.php(44): CodeIgniter\CodeIgniter->run()
#7 {main}
CRITICAL - 2021-03-11 13:51:41 --> There is no data to update.
#0 C:\wamp64\www\contact\system\BaseModel.php(880): CodeIgniter\Database\Exceptions\DataException::forEmptyDataset('update')
#1 C:\wamp64\www\contact\system\Model.php(737): CodeIgniter\BaseModel->update(NULL, Array)
#2 C:\wamp64\www\contact\app\Controllers\Api.php(102): CodeIgniter\Model->update()
#3 C:\wamp64\www\contact\system\CodeIgniter.php(936): App\Controllers\Api->favory()
#4 C:\wamp64\www\contact\system\CodeIgniter.php(432): CodeIgniter\CodeIgniter->runController(Object(App\Controllers\Api))
#5 C:\wamp64\www\contact\system\CodeIgniter.php(333): CodeIgniter\CodeIgniter->handleRequest(NULL, Object(Config\Cache), false)
#6 C:\wamp64\www\contact\public\index.php(44): CodeIgniter\CodeIgniter->run()
#7 {main}
CRITICAL - 2021-03-11 13:51:42 --> There is no data to update.
#0 C:\wamp64\www\contact\system\BaseModel.php(880): CodeIgniter\Database\Exceptions\DataException::forEmptyDataset('update')
#1 C:\wamp64\www\contact\system\Model.php(737): CodeIgniter\BaseModel->update(NULL, Array)
#2 C:\wamp64\www\contact\app\Controllers\Api.php(102): CodeIgniter\Model->update()
#3 C:\wamp64\www\contact\system\CodeIgniter.php(936): App\Controllers\Api->favory()
#4 C:\wamp64\www\contact\system\CodeIgniter.php(432): CodeIgniter\CodeIgniter->runController(Object(App\Controllers\Api))
#5 C:\wamp64\www\contact\system\CodeIgniter.php(333): CodeIgniter\CodeIgniter->handleRequest(NULL, Object(Config\Cache), false)
#6 C:\wamp64\www\contact\public\index.php(44): CodeIgniter\CodeIgniter->run()
#7 {main}
CRITICAL - 2021-03-11 13:51:42 --> There is no data to update.
#0 C:\wamp64\www\contact\system\BaseModel.php(880): CodeIgniter\Database\Exceptions\DataException::forEmptyDataset('update')
#1 C:\wamp64\www\contact\system\Model.php(737): CodeIgniter\BaseModel->update(NULL, Array)
#2 C:\wamp64\www\contact\app\Controllers\Api.php(102): CodeIgniter\Model->update()
#3 C:\wamp64\www\contact\system\CodeIgniter.php(936): App\Controllers\Api->favory()
#4 C:\wamp64\www\contact\system\CodeIgniter.php(432): CodeIgniter\CodeIgniter->runController(Object(App\Controllers\Api))
#5 C:\wamp64\www\contact\system\CodeIgniter.php(333): CodeIgniter\CodeIgniter->handleRequest(NULL, Object(Config\Cache), false)
#6 C:\wamp64\www\contact\public\index.php(44): CodeIgniter\CodeIgniter->run()
#7 {main}
CRITICAL - 2021-03-11 13:51:42 --> There is no data to update.
#0 C:\wamp64\www\contact\system\BaseModel.php(880): CodeIgniter\Database\Exceptions\DataException::forEmptyDataset('update')
#1 C:\wamp64\www\contact\system\Model.php(737): CodeIgniter\BaseModel->update(NULL, Array)
#2 C:\wamp64\www\contact\app\Controllers\Api.php(102): CodeIgniter\Model->update()
#3 C:\wamp64\www\contact\system\CodeIgniter.php(936): App\Controllers\Api->favory()
#4 C:\wamp64\www\contact\system\CodeIgniter.php(432): CodeIgniter\CodeIgniter->runController(Object(App\Controllers\Api))
#5 C:\wamp64\www\contact\system\CodeIgniter.php(333): CodeIgniter\CodeIgniter->handleRequest(NULL, Object(Config\Cache), false)
#6 C:\wamp64\www\contact\public\index.php(44): CodeIgniter\CodeIgniter->run()
#7 {main}
CRITICAL - 2021-03-11 13:51:42 --> There is no data to update.
#0 C:\wamp64\www\contact\system\BaseModel.php(880): CodeIgniter\Database\Exceptions\DataException::forEmptyDataset('update')
#1 C:\wamp64\www\contact\system\Model.php(737): CodeIgniter\BaseModel->update(NULL, Array)
#2 C:\wamp64\www\contact\app\Controllers\Api.php(102): CodeIgniter\Model->update()
#3 C:\wamp64\www\contact\system\CodeIgniter.php(936): App\Controllers\Api->favory()
#4 C:\wamp64\www\contact\system\CodeIgniter.php(432): CodeIgniter\CodeIgniter->runController(Object(App\Controllers\Api))
#5 C:\wamp64\www\contact\system\CodeIgniter.php(333): CodeIgniter\CodeIgniter->handleRequest(NULL, Object(Config\Cache), false)
#6 C:\wamp64\www\contact\public\index.php(44): CodeIgniter\CodeIgniter->run()
#7 {main}
CRITICAL - 2021-03-11 13:52:21 --> There is no data to update.
#0 C:\wamp64\www\contact\system\BaseModel.php(880): CodeIgniter\Database\Exceptions\DataException::forEmptyDataset('update')
#1 C:\wamp64\www\contact\system\Model.php(737): CodeIgniter\BaseModel->update(NULL, Array)
#2 C:\wamp64\www\contact\app\Controllers\Api.php(102): CodeIgniter\Model->update()
#3 C:\wamp64\www\contact\system\CodeIgniter.php(936): App\Controllers\Api->favory()
#4 C:\wamp64\www\contact\system\CodeIgniter.php(432): CodeIgniter\CodeIgniter->runController(Object(App\Controllers\Api))
#5 C:\wamp64\www\contact\system\CodeIgniter.php(333): CodeIgniter\CodeIgniter->handleRequest(NULL, Object(Config\Cache), false)
#6 C:\wamp64\www\contact\public\index.php(44): CodeIgniter\CodeIgniter->run()
#7 {main}
CRITICAL - 2021-03-11 13:55:31 --> There is no data to update.
#0 C:\wamp64\www\contact\system\BaseModel.php(880): CodeIgniter\Database\Exceptions\DataException::forEmptyDataset('update')
#1 C:\wamp64\www\contact\system\Model.php(737): CodeIgniter\BaseModel->update(NULL, Array)
#2 C:\wamp64\www\contact\app\Controllers\Api.php(102): CodeIgniter\Model->update()
#3 C:\wamp64\www\contact\system\CodeIgniter.php(936): App\Controllers\Api->favory()
#4 C:\wamp64\www\contact\system\CodeIgniter.php(432): CodeIgniter\CodeIgniter->runController(Object(App\Controllers\Api))
#5 C:\wamp64\www\contact\system\CodeIgniter.php(333): CodeIgniter\CodeIgniter->handleRequest(NULL, Object(Config\Cache), false)
#6 C:\wamp64\www\contact\public\index.php(44): CodeIgniter\CodeIgniter->run()
#7 {main}
CRITICAL - 2021-03-11 13:55:40 --> There is no data to update.
#0 C:\wamp64\www\contact\system\BaseModel.php(880): CodeIgniter\Database\Exceptions\DataException::forEmptyDataset('update')
#1 C:\wamp64\www\contact\system\Model.php(737): CodeIgniter\BaseModel->update(NULL, Array)
#2 C:\wamp64\www\contact\app\Controllers\Api.php(102): CodeIgniter\Model->update()
#3 C:\wamp64\www\contact\system\CodeIgniter.php(936): App\Controllers\Api->favory()
#4 C:\wamp64\www\contact\system\CodeIgniter.php(432): CodeIgniter\CodeIgniter->runController(Object(App\Controllers\Api))
#5 C:\wamp64\www\contact\system\CodeIgniter.php(333): CodeIgniter\CodeIgniter->handleRequest(NULL, Object(Config\Cache), false)
#6 C:\wamp64\www\contact\public\index.php(44): CodeIgniter\CodeIgniter->run()
#7 {main}
CRITICAL - 2021-03-11 13:59:23 --> There is no data to update.
#0 C:\wamp64\www\contact\system\BaseModel.php(880): CodeIgniter\Database\Exceptions\DataException::forEmptyDataset('update')
#1 C:\wamp64\www\contact\system\Model.php(737): CodeIgniter\BaseModel->update(NULL, Array)
#2 C:\wamp64\www\contact\app\Controllers\Api.php(95): CodeIgniter\Model->update()
#3 C:\wamp64\www\contact\system\CodeIgniter.php(936): App\Controllers\Api->favory()
#4 C:\wamp64\www\contact\system\CodeIgniter.php(432): CodeIgniter\CodeIgniter->runController(Object(App\Controllers\Api))
#5 C:\wamp64\www\contact\system\CodeIgniter.php(333): CodeIgniter\CodeIgniter->handleRequest(NULL, Object(Config\Cache), false)
#6 C:\wamp64\www\contact\public\index.php(44): CodeIgniter\CodeIgniter->run()
#7 {main}
CRITICAL - 2021-03-11 14:00:44 --> There is no data to update.
#0 C:\wamp64\www\contact\system\BaseModel.php(880): CodeIgniter\Database\Exceptions\DataException::forEmptyDataset('update')
#1 C:\wamp64\www\contact\system\Model.php(737): CodeIgniter\BaseModel->update(NULL, Array)
#2 C:\wamp64\www\contact\app\Controllers\Api.php(96): CodeIgniter\Model->update()
#3 C:\wamp64\www\contact\system\CodeIgniter.php(936): App\Controllers\Api->favory()
#4 C:\wamp64\www\contact\system\CodeIgniter.php(432): CodeIgniter\CodeIgniter->runController(Object(App\Controllers\Api))
#5 C:\wamp64\www\contact\system\CodeIgniter.php(333): CodeIgniter\CodeIgniter->handleRequest(NULL, Object(Config\Cache), false)
#6 C:\wamp64\www\contact\public\index.php(44): CodeIgniter\CodeIgniter->run()
#7 {main}
CRITICAL - 2021-03-11 14:01:08 --> There is no data to update.
#0 C:\wamp64\www\contact\system\BaseModel.php(880): CodeIgniter\Database\Exceptions\DataException::forEmptyDataset('update')
#1 C:\wamp64\www\contact\system\Model.php(737): CodeIgniter\BaseModel->update(NULL, Array)
#2 C:\wamp64\www\contact\app\Controllers\Api.php(104): CodeIgniter\Model->update()
#3 C:\wamp64\www\contact\system\CodeIgniter.php(936): App\Controllers\Api->favory()
#4 C:\wamp64\www\contact\system\CodeIgniter.php(432): CodeIgniter\CodeIgniter->runController(Object(App\Controllers\Api))
#5 C:\wamp64\www\contact\system\CodeIgniter.php(333): CodeIgniter\CodeIgniter->handleRequest(NULL, Object(Config\Cache), false)
#6 C:\wamp64\www\contact\public\index.php(44): CodeIgniter\CodeIgniter->run()
#7 {main}
CRITICAL - 2021-03-11 14:04:46 --> There is no data to update.
#0 C:\wamp64\www\contact\system\BaseModel.php(880): CodeIgniter\Database\Exceptions\DataException::forEmptyDataset('update')
#1 C:\wamp64\www\contact\system\Model.php(737): CodeIgniter\BaseModel->update(NULL, Array)
#2 C:\wamp64\www\contact\app\Controllers\Api.php(105): CodeIgniter\Model->update()
#3 C:\wamp64\www\contact\system\CodeIgniter.php(936): App\Controllers\Api->favory()
#4 C:\wamp64\www\contact\system\CodeIgniter.php(432): CodeIgniter\CodeIgniter->runController(Object(App\Controllers\Api))
#5 C:\wamp64\www\contact\system\CodeIgniter.php(333): CodeIgniter\CodeIgniter->handleRequest(NULL, Object(Config\Cache), false)
#6 C:\wamp64\www\contact\public\index.php(44): CodeIgniter\CodeIgniter->run()
#7 {main}
CRITICAL - 2021-03-11 14:05:36 --> There is no data to update.
#0 C:\wamp64\www\contact\system\BaseModel.php(880): CodeIgniter\Database\Exceptions\DataException::forEmptyDataset('update')
#1 C:\wamp64\www\contact\system\Model.php(737): CodeIgniter\BaseModel->update(NULL, Array)
#2 C:\wamp64\www\contact\app\Controllers\Api.php(105): CodeIgniter\Model->update()
#3 C:\wamp64\www\contact\system\CodeIgniter.php(936): App\Controllers\Api->favory()
#4 C:\wamp64\www\contact\system\CodeIgniter.php(432): CodeIgniter\CodeIgniter->runController(Object(App\Controllers\Api))
#5 C:\wamp64\www\contact\system\CodeIgniter.php(333): CodeIgniter\CodeIgniter->handleRequest(NULL, Object(Config\Cache), false)
#6 C:\wamp64\www\contact\public\index.php(44): CodeIgniter\CodeIgniter->run()
#7 {main}
CRITICAL - 2021-03-11 14:05:37 --> There is no data to update.
#0 C:\wamp64\www\contact\system\BaseModel.php(880): CodeIgniter\Database\Exceptions\DataException::forEmptyDataset('update')
#1 C:\wamp64\www\contact\system\Model.php(737): CodeIgniter\BaseModel->update(NULL, Array)
#2 C:\wamp64\www\contact\app\Controllers\Api.php(105): CodeIgniter\Model->update()
#3 C:\wamp64\www\contact\system\CodeIgniter.php(936): App\Controllers\Api->favory()
#4 C:\wamp64\www\contact\system\CodeIgniter.php(432): CodeIgniter\CodeIgniter->runController(Object(App\Controllers\Api))
#5 C:\wamp64\www\contact\system\CodeIgniter.php(333): CodeIgniter\CodeIgniter->handleRequest(NULL, Object(Config\Cache), false)
#6 C:\wamp64\www\contact\public\index.php(44): CodeIgniter\CodeIgniter->run()
#7 {main}
CRITICAL - 2021-03-11 14:06:22 --> There is no data to update.
#0 C:\wamp64\www\contact\system\BaseModel.php(880): CodeIgniter\Database\Exceptions\DataException::forEmptyDataset('update')
#1 C:\wamp64\www\contact\system\Model.php(737): CodeIgniter\BaseModel->update(NULL, Array)
#2 C:\wamp64\www\contact\app\Controllers\Api.php(105): CodeIgniter\Model->update()
#3 C:\wamp64\www\contact\system\CodeIgniter.php(936): App\Controllers\Api->favory()
#4 C:\wamp64\www\contact\system\CodeIgniter.php(432): CodeIgniter\CodeIgniter->runController(Object(App\Controllers\Api))
#5 C:\wamp64\www\contact\system\CodeIgniter.php(333): CodeIgniter\CodeIgniter->handleRequest(NULL, Object(Config\Cache), false)
#6 C:\wamp64\www\contact\public\index.php(44): CodeIgniter\CodeIgniter->run()
#7 {main}
CRITICAL - 2021-03-11 14:06:54 --> There is no data to update.
#0 C:\wamp64\www\contact\system\BaseModel.php(880): CodeIgniter\Database\Exceptions\DataException::forEmptyDataset('update')
#1 C:\wamp64\www\contact\system\Model.php(737): CodeIgniter\BaseModel->update(NULL, Array)
#2 C:\wamp64\www\contact\app\Controllers\Api.php(105): CodeIgniter\Model->update()
#3 C:\wamp64\www\contact\system\CodeIgniter.php(936): App\Controllers\Api->favory()
#4 C:\wamp64\www\contact\system\CodeIgniter.php(432): CodeIgniter\CodeIgniter->runController(Object(App\Controllers\Api))
#5 C:\wamp64\www\contact\system\CodeIgniter.php(333): CodeIgniter\CodeIgniter->handleRequest(NULL, Object(Config\Cache), false)
#6 C:\wamp64\www\contact\public\index.php(44): CodeIgniter\CodeIgniter->run()
#7 {main}
CRITICAL - 2021-03-11 14:06:56 --> There is no data to update.
#0 C:\wamp64\www\contact\system\BaseModel.php(880): CodeIgniter\Database\Exceptions\DataException::forEmptyDataset('update')
#1 C:\wamp64\www\contact\system\Model.php(737): CodeIgniter\BaseModel->update(NULL, Array)
#2 C:\wamp64\www\contact\app\Controllers\Api.php(105): CodeIgniter\Model->update()
#3 C:\wamp64\www\contact\system\CodeIgniter.php(936): App\Controllers\Api->favory()
#4 C:\wamp64\www\contact\system\CodeIgniter.php(432): CodeIgniter\CodeIgniter->runController(Object(App\Controllers\Api))
#5 C:\wamp64\www\contact\system\CodeIgniter.php(333): CodeIgniter\CodeIgniter->handleRequest(NULL, Object(Config\Cache), false)
#6 C:\wamp64\www\contact\public\index.php(44): CodeIgniter\CodeIgniter->run()
#7 {main}
CRITICAL - 2021-03-11 14:07:51 --> There is no data to update.
#0 C:\wamp64\www\contact\system\BaseModel.php(880): CodeIgniter\Database\Exceptions\DataException::forEmptyDataset('update')
#1 C:\wamp64\www\contact\system\Model.php(737): CodeIgniter\BaseModel->update(NULL, Array)
#2 C:\wamp64\www\contact\app\Controllers\Api.php(105): CodeIgniter\Model->update()
#3 C:\wamp64\www\contact\system\CodeIgniter.php(936): App\Controllers\Api->favory()
#4 C:\wamp64\www\contact\system\CodeIgniter.php(432): CodeIgniter\CodeIgniter->runController(Object(App\Controllers\Api))
#5 C:\wamp64\www\contact\system\CodeIgniter.php(333): CodeIgniter\CodeIgniter->handleRequest(NULL, Object(Config\Cache), false)
#6 C:\wamp64\www\contact\public\index.php(44): CodeIgniter\CodeIgniter->run()
#7 {main}
CRITICAL - 2021-03-11 14:08:10 --> Undefined variable: searchContact
#0 C:\wamp64\www\contact\app\Controllers\Api.php(39): CodeIgniter\Debug\Exceptions->errorHandler(8, 'Undefined varia...', 'C:\\wamp64\\www\\c...', 39, Array)
#1 C:\wamp64\www\contact\system\CodeIgniter.php(936): App\Controllers\Api->index()
#2 C:\wamp64\www\contact\system\CodeIgniter.php(432): CodeIgniter\CodeIgniter->runController(Object(App\Controllers\Api))
#3 C:\wamp64\www\contact\system\CodeIgniter.php(333): CodeIgniter\CodeIgniter->handleRequest(NULL, Object(Config\Cache), false)
#4 C:\wamp64\www\contact\public\index.php(44): CodeIgniter\CodeIgniter->run()
#5 {main}
CRITICAL - 2021-03-11 14:08:10 --> Undefined variable: searchContact
#0 C:\wamp64\www\contact\app\Controllers\Api.php(39): CodeIgniter\Debug\Exceptions->errorHandler(8, 'Undefined varia...', 'C:\\wamp64\\www\\c...', 39, Array)
#1 C:\wamp64\www\contact\system\CodeIgniter.php(936): App\Controllers\Api->index()
#2 C:\wamp64\www\contact\system\CodeIgniter.php(432): CodeIgniter\CodeIgniter->runController(Object(App\Controllers\Api))
#3 C:\wamp64\www\contact\system\CodeIgniter.php(333): CodeIgniter\CodeIgniter->handleRequest(NULL, Object(Config\Cache), false)
#4 C:\wamp64\www\contact\public\index.php(44): CodeIgniter\CodeIgniter->run()
#5 {main}
CRITICAL - 2021-03-11 14:08:11 --> Undefined variable: searchContact
#0 C:\wamp64\www\contact\app\Controllers\Api.php(39): CodeIgniter\Debug\Exceptions->errorHandler(8, 'Undefined varia...', 'C:\\wamp64\\www\\c...', 39, Array)
#1 C:\wamp64\www\contact\system\CodeIgniter.php(936): App\Controllers\Api->index()
#2 C:\wamp64\www\contact\system\CodeIgniter.php(432): CodeIgniter\CodeIgniter->runController(Object(App\Controllers\Api))
#3 C:\wamp64\www\contact\system\CodeIgniter.php(333): CodeIgniter\CodeIgniter->handleRequest(NULL, Object(Config\Cache), false)
#4 C:\wamp64\www\contact\public\index.php(44): CodeIgniter\CodeIgniter->run()
#5 {main}
CRITICAL - 2021-03-11 14:08:11 --> Undefined variable: searchContact
#0 C:\wamp64\www\contact\app\Controllers\Api.php(39): CodeIgniter\Debug\Exceptions->errorHandler(8, 'Undefined varia...', 'C:\\wamp64\\www\\c...', 39, Array)
#1 C:\wamp64\www\contact\system\CodeIgniter.php(936): App\Controllers\Api->index()
#2 C:\wamp64\www\contact\system\CodeIgniter.php(432): CodeIgniter\CodeIgniter->runController(Object(App\Controllers\Api))
#3 C:\wamp64\www\contact\system\CodeIgniter.php(333): CodeIgniter\CodeIgniter->handleRequest(NULL, Object(Config\Cache), false)
#4 C:\wamp64\www\contact\public\index.php(44): CodeIgniter\CodeIgniter->run()
#5 {main}
CRITICAL - 2021-03-11 14:08:11 --> Undefined variable: searchContact
#0 C:\wamp64\www\contact\app\Controllers\Api.php(39): CodeIgniter\Debug\Exceptions->errorHandler(8, 'Undefined varia...', 'C:\\wamp64\\www\\c...', 39, Array)
#1 C:\wamp64\www\contact\system\CodeIgniter.php(936): App\Controllers\Api->index()
#2 C:\wamp64\www\contact\system\CodeIgniter.php(432): CodeIgniter\CodeIgniter->runController(Object(App\Controllers\Api))
#3 C:\wamp64\www\contact\system\CodeIgniter.php(333): CodeIgniter\CodeIgniter->handleRequest(NULL, Object(Config\Cache), false)
#4 C:\wamp64\www\contact\public\index.php(44): CodeIgniter\CodeIgniter->run()
#5 {main}
CRITICAL - 2021-03-11 14:08:11 --> Undefined variable: searchContact
#0 C:\wamp64\www\contact\app\Controllers\Api.php(39): CodeIgniter\Debug\Exceptions->errorHandler(8, 'Undefined varia...', 'C:\\wamp64\\www\\c...', 39, Array)
#1 C:\wamp64\www\contact\system\CodeIgniter.php(936): App\Controllers\Api->index()
#2 C:\wamp64\www\contact\system\CodeIgniter.php(432): CodeIgniter\CodeIgniter->runController(Object(App\Controllers\Api))
#3 C:\wamp64\www\contact\system\CodeIgniter.php(333): CodeIgniter\CodeIgniter->handleRequest(NULL, Object(Config\Cache), false)
#4 C:\wamp64\www\contact\public\index.php(44): CodeIgniter\CodeIgniter->run()
#5 {main}
CRITICAL - 2021-03-11 14:08:12 --> Undefined variable: searchContact
#0 C:\wamp64\www\contact\app\Controllers\Api.php(39): CodeIgniter\Debug\Exceptions->errorHandler(8, 'Undefined varia...', 'C:\\wamp64\\www\\c...', 39, Array)
#1 C:\wamp64\www\contact\system\CodeIgniter.php(936): App\Controllers\Api->index()
#2 C:\wamp64\www\contact\system\CodeIgniter.php(432): CodeIgniter\CodeIgniter->runController(Object(App\Controllers\Api))
#3 C:\wamp64\www\contact\system\CodeIgniter.php(333): CodeIgniter\CodeIgniter->handleRequest(NULL, Object(Config\Cache), false)
#4 C:\wamp64\www\contact\public\index.php(44): CodeIgniter\CodeIgniter->run()
#5 {main}
CRITICAL - 2021-03-11 14:08:12 --> Undefined variable: searchContact
#0 C:\wamp64\www\contact\app\Controllers\Api.php(39): CodeIgniter\Debug\Exceptions->errorHandler(8, 'Undefined varia...', 'C:\\wamp64\\www\\c...', 39, Array)
#1 C:\wamp64\www\contact\system\CodeIgniter.php(936): App\Controllers\Api->index()
#2 C:\wamp64\www\contact\system\CodeIgniter.php(432): CodeIgniter\CodeIgniter->runController(Object(App\Controllers\Api))
#3 C:\wamp64\www\contact\system\CodeIgniter.php(333): CodeIgniter\CodeIgniter->handleRequest(NULL, Object(Config\Cache), false)
#4 C:\wamp64\www\contact\public\index.php(44): CodeIgniter\CodeIgniter->run()
#5 {main}
CRITICAL - 2021-03-11 14:08:55 --> There is no data to update.
#0 C:\wamp64\www\contact\system\BaseModel.php(880): CodeIgniter\Database\Exceptions\DataException::forEmptyDataset('update')
#1 C:\wamp64\www\contact\system\Model.php(737): CodeIgniter\BaseModel->update(NULL, Array)
#2 C:\wamp64\www\contact\app\Controllers\Api.php(105): CodeIgniter\Model->update()
#3 C:\wamp64\www\contact\system\CodeIgniter.php(936): App\Controllers\Api->favory()
#4 C:\wamp64\www\contact\system\CodeIgniter.php(432): CodeIgniter\CodeIgniter->runController(Object(App\Controllers\Api))
#5 C:\wamp64\www\contact\system\CodeIgniter.php(333): CodeIgniter\CodeIgniter->handleRequest(NULL, Object(Config\Cache), false)
#6 C:\wamp64\www\contact\public\index.php(44): CodeIgniter\CodeIgniter->run()
#7 {main}
CRITICAL - 2021-03-11 14:08:56 --> There is no data to update.
#0 C:\wamp64\www\contact\system\BaseModel.php(880): CodeIgniter\Database\Exceptions\DataException::forEmptyDataset('update')
#1 C:\wamp64\www\contact\system\Model.php(737): CodeIgniter\BaseModel->update(NULL, Array)
#2 C:\wamp64\www\contact\app\Controllers\Api.php(105): CodeIgniter\Model->update()
#3 C:\wamp64\www\contact\system\CodeIgniter.php(936): App\Controllers\Api->favory()
#4 C:\wamp64\www\contact\system\CodeIgniter.php(432): CodeIgniter\CodeIgniter->runController(Object(App\Controllers\Api))
#5 C:\wamp64\www\contact\system\CodeIgniter.php(333): CodeIgniter\CodeIgniter->handleRequest(NULL, Object(Config\Cache), false)
#6 C:\wamp64\www\contact\public\index.php(44): CodeIgniter\CodeIgniter->run()
#7 {main}
CRITICAL - 2021-03-11 14:09:10 --> There is no data to update.
#0 C:\wamp64\www\contact\system\BaseModel.php(880): CodeIgniter\Database\Exceptions\DataException::forEmptyDataset('update')
#1 C:\wamp64\www\contact\system\Model.php(737): CodeIgniter\BaseModel->update(NULL, Array)
#2 C:\wamp64\www\contact\app\Controllers\Api.php(105): CodeIgniter\Model->update()
#3 C:\wamp64\www\contact\system\CodeIgniter.php(936): App\Controllers\Api->favory()
#4 C:\wamp64\www\contact\system\CodeIgniter.php(432): CodeIgniter\CodeIgniter->runController(Object(App\Controllers\Api))
#5 C:\wamp64\www\contact\system\CodeIgniter.php(333): CodeIgniter\CodeIgniter->handleRequest(NULL, Object(Config\Cache), false)
#6 C:\wamp64\www\contact\public\index.php(44): CodeIgniter\CodeIgniter->run()
#7 {main}
CRITICAL - 2021-03-11 14:09:11 --> There is no data to update.
#0 C:\wamp64\www\contact\system\BaseModel.php(880): CodeIgniter\Database\Exceptions\DataException::forEmptyDataset('update')
#1 C:\wamp64\www\contact\system\Model.php(737): CodeIgniter\BaseModel->update(NULL, Array)
#2 C:\wamp64\www\contact\app\Controllers\Api.php(105): CodeIgniter\Model->update()
#3 C:\wamp64\www\contact\system\CodeIgniter.php(936): App\Controllers\Api->favory()
#4 C:\wamp64\www\contact\system\CodeIgniter.php(432): CodeIgniter\CodeIgniter->runController(Object(App\Controllers\Api))
#5 C:\wamp64\www\contact\system\CodeIgniter.php(333): CodeIgniter\CodeIgniter->handleRequest(NULL, Object(Config\Cache), false)
#6 C:\wamp64\www\contact\public\index.php(44): CodeIgniter\CodeIgniter->run()
#7 {main}
CRITICAL - 2021-03-11 14:09:11 --> There is no data to update.
#0 C:\wamp64\www\contact\system\BaseModel.php(880): CodeIgniter\Database\Exceptions\DataException::forEmptyDataset('update')
#1 C:\wamp64\www\contact\system\Model.php(737): CodeIgniter\BaseModel->update(NULL, Array)
#2 C:\wamp64\www\contact\app\Controllers\Api.php(105): CodeIgniter\Model->update()
#3 C:\wamp64\www\contact\system\CodeIgniter.php(936): App\Controllers\Api->favory()
#4 C:\wamp64\www\contact\system\CodeIgniter.php(432): CodeIgniter\CodeIgniter->runController(Object(App\Controllers\Api))
#5 C:\wamp64\www\contact\system\CodeIgniter.php(333): CodeIgniter\CodeIgniter->handleRequest(NULL, Object(Config\Cache), false)
#6 C:\wamp64\www\contact\public\index.php(44): CodeIgniter\CodeIgniter->run()
#7 {main}
CRITICAL - 2021-03-11 14:09:53 --> There is no data to update.
#0 C:\wamp64\www\contact\system\BaseModel.php(880): CodeIgniter\Database\Exceptions\DataException::forEmptyDataset('update')
#1 C:\wamp64\www\contact\system\Model.php(737): CodeIgniter\BaseModel->update(NULL, Array)
#2 C:\wamp64\www\contact\app\Controllers\Api.php(105): CodeIgniter\Model->update()
#3 C:\wamp64\www\contact\system\CodeIgniter.php(936): App\Controllers\Api->favory()
#4 C:\wamp64\www\contact\system\CodeIgniter.php(432): CodeIgniter\CodeIgniter->runController(Object(App\Controllers\Api))
#5 C:\wamp64\www\contact\system\CodeIgniter.php(333): CodeIgniter\CodeIgniter->handleRequest(NULL, Object(Config\Cache), false)
#6 C:\wamp64\www\contact\public\index.php(44): CodeIgniter\CodeIgniter->run()
#7 {main}
CRITICAL - 2021-03-11 14:10:38 --> There is no data to update.
#0 C:\wamp64\www\contact\system\BaseModel.php(880): CodeIgniter\Database\Exceptions\DataException::forEmptyDataset('update')
#1 C:\wamp64\www\contact\system\Model.php(737): CodeIgniter\BaseModel->update(NULL, Array)
#2 C:\wamp64\www\contact\app\Controllers\Api.php(105): CodeIgniter\Model->update()
#3 C:\wamp64\www\contact\system\CodeIgniter.php(936): App\Controllers\Api->favory()
#4 C:\wamp64\www\contact\system\CodeIgniter.php(432): CodeIgniter\CodeIgniter->runController(Object(App\Controllers\Api))
#5 C:\wamp64\www\contact\system\CodeIgniter.php(333): CodeIgniter\CodeIgniter->handleRequest(NULL, Object(Config\Cache), false)
#6 C:\wamp64\www\contact\public\index.php(44): CodeIgniter\CodeIgniter->run()
#7 {main}
CRITICAL - 2021-03-11 14:16:24 --> There is no data to update.
#0 C:\wamp64\www\contact\system\BaseModel.php(880): CodeIgniter\Database\Exceptions\DataException::forEmptyDataset('update')
#1 C:\wamp64\www\contact\system\Model.php(737): CodeIgniter\BaseModel->update(NULL, Array)
#2 C:\wamp64\www\contact\app\Controllers\Api.php(104): CodeIgniter\Model->update()
#3 C:\wamp64\www\contact\system\CodeIgniter.php(936): App\Controllers\Api->favory()
#4 C:\wamp64\www\contact\system\CodeIgniter.php(432): CodeIgniter\CodeIgniter->runController(Object(App\Controllers\Api))
#5 C:\wamp64\www\contact\system\CodeIgniter.php(333): CodeIgniter\CodeIgniter->handleRequest(NULL, Object(Config\Cache), false)
#6 C:\wamp64\www\contact\public\index.php(44): CodeIgniter\CodeIgniter->run()
#7 {main}
CRITICAL - 2021-03-11 14:16:47 --> There is no data to update.
#0 C:\wamp64\www\contact\system\BaseModel.php(880): CodeIgniter\Database\Exceptions\DataException::forEmptyDataset('update')
#1 C:\wamp64\www\contact\system\Model.php(737): CodeIgniter\BaseModel->update(NULL, Array)
#2 C:\wamp64\www\contact\app\Controllers\Api.php(104): CodeIgniter\Model->update()
#3 C:\wamp64\www\contact\system\CodeIgniter.php(936): App\Controllers\Api->favory()
#4 C:\wamp64\www\contact\system\CodeIgniter.php(432): CodeIgniter\CodeIgniter->runController(Object(App\Controllers\Api))
#5 C:\wamp64\www\contact\system\CodeIgniter.php(333): CodeIgniter\CodeIgniter->handleRequest(NULL, Object(Config\Cache), false)
#6 C:\wamp64\www\contact\public\index.php(44): CodeIgniter\CodeIgniter->run()
#7 {main}
CRITICAL - 2021-03-11 14:17:39 --> There is no data to update.
#0 C:\wamp64\www\contact\system\BaseModel.php(880): CodeIgniter\Database\Exceptions\DataException::forEmptyDataset('update')
#1 C:\wamp64\www\contact\system\Model.php(737): CodeIgniter\BaseModel->update(NULL, Array)
#2 C:\wamp64\www\contact\app\Controllers\Api.php(104): CodeIgniter\Model->update()
#3 C:\wamp64\www\contact\system\CodeIgniter.php(936): App\Controllers\Api->favory()
#4 C:\wamp64\www\contact\system\CodeIgniter.php(432): CodeIgniter\CodeIgniter->runController(Object(App\Controllers\Api))
#5 C:\wamp64\www\contact\system\CodeIgniter.php(333): CodeIgniter\CodeIgniter->handleRequest(NULL, Object(Config\Cache), false)
#6 C:\wamp64\www\contact\public\index.php(44): CodeIgniter\CodeIgniter->run()
#7 {main}
CRITICAL - 2021-03-11 14:18:55 --> Call to undefined method App\Models\ContactsModel::whedre
#0 C:\wamp64\www\contact\app\Controllers\Api.php(102): CodeIgniter\Model->__call('whedre', Array)
#1 C:\wamp64\www\contact\system\CodeIgniter.php(936): App\Controllers\Api->favory()
#2 C:\wamp64\www\contact\system\CodeIgniter.php(432): CodeIgniter\CodeIgniter->runController(Object(App\Controllers\Api))
#3 C:\wamp64\www\contact\system\CodeIgniter.php(333): CodeIgniter\CodeIgniter->handleRequest(NULL, Object(Config\Cache), false)
#4 C:\wamp64\www\contact\public\index.php(44): CodeIgniter\CodeIgniter->run()
#5 {main}
CRITICAL - 2021-03-11 14:19:37 --> Call to undefined method App\Models\ContactsModel::whedre
#0 C:\wamp64\www\contact\app\Controllers\Api.php(102): CodeIgniter\Model->__call('whedre', Array)
#1 C:\wamp64\www\contact\system\CodeIgniter.php(936): App\Controllers\Api->favory()
#2 C:\wamp64\www\contact\system\CodeIgniter.php(432): CodeIgniter\CodeIgniter->runController(Object(App\Controllers\Api))
#3 C:\wamp64\www\contact\system\CodeIgniter.php(333): CodeIgniter\CodeIgniter->handleRequest(NULL, Object(Config\Cache), false)
#4 C:\wamp64\www\contact\public\index.php(44): CodeIgniter\CodeIgniter->run()
#5 {main}
CRITICAL - 2021-03-11 14:20:45 --> There is no data to update.
#0 C:\wamp64\www\contact\system\BaseModel.php(880): CodeIgniter\Database\Exceptions\DataException::forEmptyDataset('update')
#1 C:\wamp64\www\contact\system\Model.php(737): CodeIgniter\BaseModel->update(NULL, Array)
#2 C:\wamp64\www\contact\app\Controllers\Api.php(104): CodeIgniter\Model->update()
#3 C:\wamp64\www\contact\system\CodeIgniter.php(936): App\Controllers\Api->favory()
#4 C:\wamp64\www\contact\system\CodeIgniter.php(432): CodeIgniter\CodeIgniter->runController(Object(App\Controllers\Api))
#5 C:\wamp64\www\contact\system\CodeIgniter.php(333): CodeIgniter\CodeIgniter->handleRequest(NULL, Object(Config\Cache), false)
#6 C:\wamp64\www\contact\public\index.php(44): CodeIgniter\CodeIgniter->run()
#7 {main}
